  main.cpp
LINK : warning LNK4098: 'MSVCRTD' defaultlib가 다른 라이브러리와 충돌합니다. /NODEFAULTLIB:library를 사용하십시오.
  코드를 생성하고 있습니다.
  14 of 500 functions ( 2.8%) were compiled, the rest were copied from previous compilation.
    0 functions were new in current compilation
    1 functions had inline decision re-evaluated but remain unchanged
  코드를 생성했습니다.
glfw3.lib(context.obj) : warning LNK4099: 'glfw.pdb' PDB를 'glfw3.lib(context.obj)' 또는 'C:\Users\ilias\Desktop\DrawCallOne\Release\glfw.pdb'에서 찾을 수 없습니다. 디버그 정보가 없는 것처럼 개체를 링크합니다.
glfw3.lib(init.obj) : warning LNK4099: 'glfw.pdb' PDB를 'glfw3.lib(init.obj)' 또는 'C:\Users\ilias\Desktop\DrawCallOne\Release\glfw.pdb'에서 찾을 수 없습니다. 디버그 정보가 없는 것처럼 개체를 링크합니다.
glfw3.lib(input.obj) : warning LNK4099: 'glfw.pdb' PDB를 'glfw3.lib(input.obj)' 또는 'C:\Users\ilias\Desktop\DrawCallOne\Release\glfw.pdb'에서 찾을 수 없습니다. 디버그 정보가 없는 것처럼 개체를 링크합니다.
glfw3.lib(monitor.obj) : warning LNK4099: 'glfw.pdb' PDB를 'glfw3.lib(monitor.obj)' 또는 'C:\Users\ilias\Desktop\DrawCallOne\Release\glfw.pdb'에서 찾을 수 없습니다. 디버그 정보가 없는 것처럼 개체를 링크합니다.
glfw3.lib(vulkan.obj) : warning LNK4099: 'glfw.pdb' PDB를 'glfw3.lib(vulkan.obj)' 또는 'C:\Users\ilias\Desktop\DrawCallOne\Release\glfw.pdb'에서 찾을 수 없습니다. 디버그 정보가 없는 것처럼 개체를 링크합니다.
glfw3.lib(window.obj) : warning LNK4099: 'glfw.pdb' PDB를 'glfw3.lib(window.obj)' 또는 'C:\Users\ilias\Desktop\DrawCallOne\Release\glfw.pdb'에서 찾을 수 없습니다. 디버그 정보가 없는 것처럼 개체를 링크합니다.
glfw3.lib(win32_init.obj) : warning LNK4099: 'glfw.pdb' PDB를 'glfw3.lib(win32_init.obj)' 또는 'C:\Users\ilias\Desktop\DrawCallOne\Release\glfw.pdb'에서 찾을 수 없습니다. 디버그 정보가 없는 것처럼 개체를 링크합니다.
glfw3.lib(win32_joystick.obj) : warning LNK4099: 'glfw.pdb' PDB를 'glfw3.lib(win32_joystick.obj)' 또는 'C:\Users\ilias\Desktop\DrawCallOne\Release\glfw.pdb'에서 찾을 수 없습니다. 디버그 정보가 없는 것처럼 개체를 링크합니다.
glfw3.lib(win32_monitor.obj) : warning LNK4099: 'glfw.pdb' PDB를 'glfw3.lib(win32_monitor.obj)' 또는 'C:\Users\ilias\Desktop\DrawCallOne\Release\glfw.pdb'에서 찾을 수 없습니다. 디버그 정보가 없는 것처럼 개체를 링크합니다.
glfw3.lib(win32_time.obj) : warning LNK4099: 'glfw.pdb' PDB를 'glfw3.lib(win32_time.obj)' 또는 'C:\Users\ilias\Desktop\DrawCallOne\Release\glfw.pdb'에서 찾을 수 없습니다. 디버그 정보가 없는 것처럼 개체를 링크합니다.
glfw3.lib(win32_thread.obj) : warning LNK4099: 'glfw.pdb' PDB를 'glfw3.lib(win32_thread.obj)' 또는 'C:\Users\ilias\Desktop\DrawCallOne\Release\glfw.pdb'에서 찾을 수 없습니다. 디버그 정보가 없는 것처럼 개체를 링크합니다.
glfw3.lib(win32_window.obj) : warning LNK4099: 'glfw.pdb' PDB를 'glfw3.lib(win32_window.obj)' 또는 'C:\Users\ilias\Desktop\DrawCallOne\Release\glfw.pdb'에서 찾을 수 없습니다. 디버그 정보가 없는 것처럼 개체를 링크합니다.
glfw3.lib(wgl_context.obj) : warning LNK4099: 'glfw.pdb' PDB를 'glfw3.lib(wgl_context.obj)' 또는 'C:\Users\ilias\Desktop\DrawCallOne\Release\glfw.pdb'에서 찾을 수 없습니다. 디버그 정보가 없는 것처럼 개체를 링크합니다.
glfw3.lib(egl_context.obj) : warning LNK4099: 'glfw.pdb' PDB를 'glfw3.lib(egl_context.obj)' 또는 'C:\Users\ilias\Desktop\DrawCallOne\Release\glfw.pdb'에서 찾을 수 없습니다. 디버그 정보가 없는 것처럼 개체를 링크합니다.
glfw3.lib(osmesa_context.obj) : warning LNK4099: 'glfw.pdb' PDB를 'glfw3.lib(osmesa_context.obj)' 또는 'C:\Users\ilias\Desktop\DrawCallOne\Release\glfw.pdb'에서 찾을 수 없습니다. 디버그 정보가 없는 것처럼 개체를 링크합니다.
  DrawCallOne.vcxproj -> C:\Users\ilias\Desktop\DrawCallOne\Release\DrawCallOne.exe
